<?xml version="1.0" encoding="UTF-8"?><testsuite name="sixsq.nuvla.server.ring-test" tests="4" errors="0" failures="0" time="1,47"><testcase classname="sixsq.nuvla.server.ring-test" name="check-as-symbol" time="0,00336"></testcase><testcase classname="sixsq.nuvla.server.ring-test" name="check-validate-host" time="0,000643"></testcase><testcase classname="sixsq.nuvla.server.ring-test" name="check-dyn-resolve" time="1,47"></testcase><testcase classname="sixsq.nuvla.server.ring-test" name="check-parse-port" time="0,000892"></testcase></testsuite>